# JRE version: Java(TM) SE Runtime Environment (21.0.5+9) (build 21.0.5+9-LTS-239)
# Java VM: Java HotSpot(TM) 64-Bit Server VM (21.0.5+9-LTS-239, mixed mode, tiered, compressed oops, compressed class ptrs, g1 gc, linux-amd64)
GC Precious Log:
 CardTable entry size: 512
 Card Set container configuration: InlinePtr #cards 5 size 8 Array Of Cards #cards 12 size 40 Howl #buckets 4 coarsen threshold 1843 Howl Bitmap #cards 512 size 80 coarsen threshold 460 Card regions per heap region 1 cards per card region 2048
 CPUs: 8 total, 8 available
 Memory: 32025M
 Large Page Support: Disabled
 NUMA Support: Disabled
 Compressed Oops: Enabled (32-bit)
 Heap Region Size: 1M
 Heap Min Capacity: 320M
 Heap Initial Capacity: 320M
 Heap Max Capacity: 1200M
 Pre-touch: Disabled
 Parallel Workers: 8
 Concurrent Workers: 2
 Concurrent Refinement Workers: 8
 Periodic GC: Disabled
 String Deduplication is enabled
Heap:
 garbage-first heap   total 519168K, used 356933K [0x00000000b5000000, 0x0000000100000000)
  region size 1024K, 136 young (139264K), 2 survivors (2048K)
 Metaspace       used 158544K, committed 159360K, reserved 1245184K
  class space    used 20484K, committed 20928K, reserved 1048576K
GC Heap History (20 events):
Event: 14070.516 GC heap before
{Heap before GC invocations=76 (full 0):
 garbage-first heap   total 519168K, used 487088K [0x00000000b5000000, 0x0000000100000000)
  region size 1024K, 258 young (264192K), 5 survivors (5120K)
 Metaspace       used 157873K, committed 158656K, reserved 1245184K
  class space    used 20456K, committed 20864K, reserved 1048576K
}
Event: 14070.522 GC heap after
{Heap after GC invocations=77 (full 0):
 garbage-first heap   total 519168K, used 226702K [0x00000000b5000000, 0x0000000100000000)
  region size 1024K, 5 young (5120K), 5 survivors (5120K)
 Metaspace       used 157873K, committed 158656K, reserved 1245184K
  class space    used 20456K, committed 20864K, reserved 1048576K
}
Event: 16658.395 GC heap before
{Heap before GC invocations=77 (full 0):
 garbage-first heap   total 519168K, used 485774K [0x00000000b5000000, 0x0000000100000000)
  region size 1024K, 258 young (264192K), 5 survivors (5120K)
 Metaspace       used 157987K, committed 158784K, reserved 1245184K
  class space    used 20457K, committed 20864K, reserved 1048576K
}
Event: 16658.400 GC heap after
{Heap after GC invocations=78 (full 0):
 garbage-first heap   total 519168K, used 227007K [0x00000000b5000000, 0x0000000100000000)
  region size 1024K, 4 young (4096K), 4 survivors (4096K)
 Metaspace       used 157987K, committed 158784K, reserved 1245184K
  class space    used 20457K, committed 20864K, reserved 1048576K
}
Event: 19529.267 GC heap before
{Heap before GC invocations=79 (full 0):
 garbage-first heap   total 519168K, used 488127K [0x00000000b5000000, 0x0000000100000000)
  region size 1024K, 259 young (265216K), 4 survivors (4096K)
 Metaspace       used 158008K, committed 158848K, reserved 1245184K
  class space    used 20448K, committed 20864K, reserved 1048576K
}
Event: 19529.271 GC heap after
{Heap after GC invocations=80 (full 0):
 garbage-first heap   total 519168K, used 226706K [0x00000000b5000000, 0x0000000100000000)
  region size 1024K, 4 young (4096K), 4 survivors (4096K)
 Metaspace       used 158008K, committed 158848K, reserved 1245184K
  class space    used 20448K, committed 20864K, reserved 1048576K
}
Event: 22941.410 GC heap before
{Heap before GC invocations=80 (full 0):
 garbage-first heap   total 519168K, used 486802K [0x00000000b5000000, 0x0000000100000000)
  region size 1024K, 258 young (264192K), 4 survivors (4096K)
 Metaspace       used 158189K, committed 159040K, reserved 1245184K
  class space    used 20480K, committed 20928K, reserved 1048576K
}
Event: 22941.413 GC heap after
{Heap after GC invocations=81 (full 0):
 garbage-first heap   total 519168K, used 226061K [0x00000000b5000000, 0x0000000100000000)
  region size 1024K, 3 young (3072K), 3 survivors (3072K)
 Metaspace       used 158189K, committed 159040K, reserved 1245184K
  class space    used 20480K, committed 20928K, reserved 1048576K
}
Event: 26589.221 GC heap before
{Heap before GC invocations=81 (full 0):
 garbage-first heap   total 519168K, used 489229K [0x00000000b5000000, 0x0000000100000000)
  region size 1024K, 260 young (266240K), 3 survivors (3072K)
 Metaspace       used 158234K, committed 159104K, reserved 1245184K
  class space    used 20480K, committed 20928K, reserved 1048576K
}
Event: 26589.223 GC heap after
{Heap after GC invocations=82 (full 0):
 garbage-first heap   total 519168K, used 225963K [0x00000000b5000000, 0x0000000100000000)
  region size 1024K, 3 young (3072K), 3 survivors (3072K)
 Metaspace       used 158234K, committed 159104K, reserved 1245184K
  class space    used 20480K, committed 20928K, reserved 1048576K
}
Event: 30405.626 GC heap before
{Heap before GC invocations=83 (full 0):
 garbage-first heap   total 519168K, used 484011K [0x00000000b5000000, 0x0000000100000000)
  region size 1024K, 259 young (265216K), 3 survivors (3072K)
 Metaspace       used 158296K, committed 159104K, reserved 1245184K
  class space    used 20480K, committed 20928K, reserved 1048576K
}
Event: 30405.631 GC heap after
{Heap after GC invocations=84 (full 0):
 garbage-first heap   total 519168K, used 222014K [0x00000000b5000000, 0x0000000100000000)
  region size 1024K, 3 young (3072K), 3 survivors (3072K)
 Metaspace       used 158296K, committed 159104K, reserved 1245184K
  class space    used 20480K, committed 20928K, reserved 1048576K
}
Event: 34528.993 GC heap before
{Heap before GC invocations=84 (full 0):
 garbage-first heap   total 519168K, used 488254K [0x00000000b5000000, 0x0000000100000000)
  region size 1024K, 263 young (269312K), 3 survivors (3072K)
 Metaspace       used 158388K, committed 159232K, reserved 1245184K
  class space    used 20480K, committed 20928K, reserved 1048576K
}
Event: 34528.998 GC heap after
{Heap after GC invocations=85 (full 0):
 garbage-first heap   total 519168K, used 221035K [0x00000000b5000000, 0x0000000100000000)
  region size 1024K, 3 young (3072K), 3 survivors (3072K)
 Metaspace       used 158388K, committed 159232K, reserved 1245184K
  class space    used 20480K, committed 20928K, reserved 1048576K
}
Event: 38668.945 GC heap before
{Heap before GC invocations=85 (full 0):
 garbage-first heap   total 519168K, used 488299K [0x00000000b5000000, 0x0000000100000000)
  region size 1024K, 264 young (270336K), 3 survivors (3072K)
 Metaspace       used 158435K, committed 159296K, reserved 1245184K
  class space    used 20480K, committed 20928K, reserved 1048576K
}
Event: 38668.948 GC heap after
{Heap after GC invocations=86 (full 0):
 garbage-first heap   total 519168K, used 221149K [0x00000000b5000000, 0x0000000100000000)
  region size 1024K, 2 young (2048K), 2 survivors (2048K)
 Metaspace       used 158435K, committed 159296K, reserved 1245184K
  class space    used 20480K, committed 20928K, reserved 1048576K
}
Event: 42813.698 GC heap before
{Heap before GC invocations=87 (full 0):
 garbage-first heap   total 519168K, used 489437K [0x00000000b5000000, 0x0000000100000000)
  region size 1024K, 264 young (270336K), 2 survivors (2048K)
 Metaspace       used 158499K, committed 159360K, reserved 1245184K
  class space    used 20481K, committed 20928K, reserved 1048576K
}
Event: 42813.702 GC heap after
{Heap after GC invocations=88 (full 0):
 garbage-first heap   total 519168K, used 221305K [0x00000000b5000000, 0x0000000100000000)
  region size 1024K, 2 young (2048K), 2 survivors (2048K)
 Metaspace       used 158499K, committed 159360K, reserved 1245184K
  class space    used 20481K, committed 20928K, reserved 1048576K
}
Event: 46909.405 GC heap before
{Heap before GC invocations=88 (full 0):
 garbage-first heap   total 519168K, used 489593K [0x00000000b5000000, 0x0000000100000000)
  region size 1024K, 264 young (270336K), 2 survivors (2048K)
 Metaspace       used 158506K, committed 159360K, reserved 1245184K
  class space    used 20481K, committed 20928K, reserved 1048576K
}
Event: 46909.409 GC heap after
{Heap after GC invocations=89 (full 0):
 garbage-first heap   total 519168K, used 220741K [0x00000000b5000000, 0x0000000100000000)
  region size 1024K, 2 young (2048K), 2 survivors (2048K)
 Metaspace       used 158506K, committed 159360K, reserved 1245184K
  class space    used 20481K, committed 20928K, reserved 1048576K
}

